<?xml version="1.0" encoding="UTF-8"?>
<!-- Generated by org.testng.reporters.JUnitReportReporter -->
<testsuite hostname="LAPTOP-0R2D2UVK" failures="0" tests="3" name="com.testcases.Retrycle" time="4.076" errors="1" timestamp="2024-06-21T12:52:17 IST" skipped="2">
  <testcase classname="com.testcases.Retrycle" name="st" time="2.559">
    <skipped/>
  </testcase> <!-- st -->
  <system-out/>
  <testcase classname="com.testcases.Retrycle" name="st" time="0.694">
    <error message="session not created: This version of ChromeDriver only supports Chrome version 124
Current browser version is 126.0.6478.63 with binary path C:\Program Files (x86)\Google\Chrome\Application\chrome.exe
Build info: version: &#039;3.14.0&#039;, revision: &#039;aacccce0&#039;, time: &#039;2018-08-02T20:19:58.91Z&#039;
System info: host: &#039;LAPTOP-0R2D2UVK&#039;, ip: &#039;192.168.3.32&#039;, os.name: &#039;Windows 11&#039;, os.arch: &#039;amd64&#039;, os.version: &#039;10.0&#039;, java.version: &#039;17.0.4.1&#039;
Driver info: driver.version: ChromeDriver
remote stacktrace: 	GetHandleVerifier [0x00007FF7CEA01522+60802]
	(No symbol) [0x00007FF7CE97AC22]
	(No symbol) [0x00007FF7CE837CE4]
	(No symbol) [0x00007FF7CE875942]
	(No symbol) [0x00007FF7CE874B42]
	(No symbol) [0x00007FF7CE86F8D3]
	(No symbol) [0x00007FF7CE86AA64]
	(No symbol) [0x00007FF7CE8B6037]
	(No symbol) [0x00007FF7CE8B56B0]
	(No symbol) [0x00007FF7CE8AA923]
	(No symbol) [0x00007FF7CE878FEC]
	(No symbol) [0x00007FF7CE879C21]
	GetHandleVerifier [0x00007FF7CED041BD+3217949]
	GetHandleVerifier [0x00007FF7CED46157+3488183]
	GetHandleVerifier [0x00007FF7CED3F0DF+3459391]
	GetHandleVerifier [0x00007FF7CEABB8E6+823622]
	(No symbol) [0x00007FF7CE985FBF]
	(No symbol) [0x00007FF7CE980EE4]
	(No symbol) [0x00007FF7CE981072]
	(No symbol) [0x00007FF7CE9718C4]
	BaseThreadInitThunk [0x00007FFE709F257D+29]
	RtlUserThreadStart [0x00007FFE722AAF28+40]
" type="org.openqa.selenium.SessionNotCreatedException">
      <![CDATA[org.openqa.selenium.SessionNotCreatedException: session not created: This version of ChromeDriver only supports Chrome version 124
Current browser version is 126.0.6478.63 with binary path C:\Program Files (x86)\Google\Chrome\Application\chrome.exe
Build info: version: '3.14.0', revision: 'aacccce0', time: '2018-08-02T20:19:58.91Z'
System info: host: 'LAPTOP-0R2D2UVK', ip: '192.168.3.32', os.name: 'Windows 11', os.arch: 'amd64', os.version: '10.0', java.version: '17.0.4.1'
Driver info: driver.version: ChromeDriver
remote stacktrace: GetHandleVerifier [0x00007FF7CEA01522+60802]
(No symbol) [0x00007FF7CE97AC22]
(No symbol) [0x00007FF7CE837CE4]
(No symbol) [0x00007FF7CE875942]
(No symbol) [0x00007FF7CE874B42]
(No symbol) [0x00007FF7CE86F8D3]
(No symbol) [0x00007FF7CE86AA64]
(No symbol) [0x00007FF7CE8B6037]
(No symbol) [0x00007FF7CE8B56B0]
(No symbol) [0x00007FF7CE8AA923]
(No symbol) [0x00007FF7CE878FEC]
(No symbol) [0x00007FF7CE879C21]
GetHandleVerifier [0x00007FF7CED041BD+3217949]
GetHandleVerifier [0x00007FF7CED46157+3488183]
GetHandleVerifier [0x00007FF7CED3F0DF+3459391]
GetHandleVerifier [0x00007FF7CEABB8E6+823622]
(No symbol) [0x00007FF7CE985FBF]
(No symbol) [0x00007FF7CE980EE4]
(No symbol) [0x00007FF7CE981072]
(No symbol) [0x00007FF7CE9718C4]
BaseThreadInitThunk [0x00007FFE709F257D+29]
RtlUserThreadStart [0x00007FFE722AAF28+40]

at java.base/jdk.internal.reflect.NativeConstructorAccessorImpl.newInstance0(Native Method)
at java.base/jdk.internal.reflect.NativeConstructorAccessorImpl.newInstance(NativeConstructorAccessorImpl.java:77)
at java.base/jdk.internal.reflect.DelegatingConstructorAccessorImpl.newInstance(DelegatingConstructorAccessorImpl.java:45)
at java.base/java.lang.reflect.Constructor.newInstanceWithCaller(Constructor.java:499)
at java.base/java.lang.reflect.Constructor.newInstance(Constructor.java:480)
at org.openqa.selenium.remote.W3CHandshakeResponse.lambda$new$0(W3CHandshakeResponse.java:57)
at org.openqa.selenium.remote.W3CHandshakeResponse.lambda$getResponseFunction$2(W3CHandshakeResponse.java:104)
at org.openqa.selenium.remote.ProtocolHandshake.lambda$createSession$0(ProtocolHandshake.java:122)
at java.base/java.util.stream.ReferencePipeline$3$1.accept(ReferencePipeline.java:197)
at java.base/java.util.Spliterators$ArraySpliterator.tryAdvance(Spliterators.java:1002)
at java.base/java.util.stream.ReferencePipeline.forEachWithCancel(ReferencePipeline.java:129)
at java.base/java.util.stream.AbstractPipeline.copyIntoWithCancel(AbstractPipeline.java:527)
at java.base/java.util.stream.AbstractPipeline.copyInto(AbstractPipeline.java:513)
at java.base/java.util.stream.AbstractPipeline.wrapAndCopyInto(AbstractPipeline.java:499)
at java.base/java.util.stream.FindOps$FindOp.evaluateSequential(FindOps.java:150)
at java.base/java.util.stream.AbstractPipeline.evaluate(AbstractPipeline.java:234)
at java.base/java.util.stream.ReferencePipeline.findFirst(ReferencePipeline.java:647)
at org.openqa.selenium.remote.ProtocolHandshake.createSession(ProtocolHandshake.java:125)
at org.openqa.selenium.remote.ProtocolHandshake.createSession(ProtocolHandshake.java:73)
at org.openqa.selenium.remote.HttpCommandExecutor.execute(HttpCommandExecutor.java:136)
at org.openqa.selenium.remote.service.DriverCommandExecutor.execute(DriverCommandExecutor.java:83)
at org.openqa.selenium.remote.RemoteWebDriver.execute(RemoteWebDriver.java:548)
at org.openqa.selenium.remote.RemoteWebDriver.startSession(RemoteWebDriver.java:212)
at org.openqa.selenium.remote.RemoteWebDriver.<init>(RemoteWebDriver.java:130)
at org.openqa.selenium.chrome.ChromeDriver.<init>(ChromeDriver.java:181)
at org.openqa.selenium.chrome.ChromeDriver.<init>(ChromeDriver.java:168)
at org.openqa.selenium.chrome.ChromeDriver.<init>(ChromeDriver.java:123)
at com.testcases.Retrycle.st(Retrycle.java:18)
at java.base/jdk.internal.reflect.NativeMethodAccessorImpl.invoke0(Native Method)
at java.base/jdk.internal.reflect.NativeMethodAccessorImpl.invoke(NativeMethodAccessorImpl.java:77)
at java.base/jdk.internal.reflect.DelegatingMethodAccessorImpl.invoke(DelegatingMethodAccessorImpl.java:43)
at java.base/java.lang.reflect.Method.invoke(Method.java:568)
at org.testng.internal.MethodInvocationHelper.invokeMethod(MethodInvocationHelper.java:133)
at org.testng.internal.TestInvoker.invokeMethod(TestInvoker.java:598)
at org.testng.internal.TestInvoker.retryFailed(TestInvoker.java:213)
at org.testng.internal.MethodRunner.runInSequence(MethodRunner.java:58)
at org.testng.internal.TestInvoker$MethodInvocationAgent.invoke(TestInvoker.java:824)
at org.testng.internal.TestInvoker.invokeTestMethods(TestInvoker.java:146)
at org.testng.internal.TestMethodWorker.invokeTestMethods(TestMethodWorker.java:146)
at org.testng.internal.TestMethodWorker.run(TestMethodWorker.java:128)
at java.base/java.util.ArrayList.forEach(ArrayList.java:1511)
at org.testng.TestRunner.privateRun(TestRunner.java:794)
at org.testng.TestRunner.run(TestRunner.java:596)
at org.testng.SuiteRunner.runTest(SuiteRunner.java:377)
at org.testng.SuiteRunner.runSequentially(SuiteRunner.java:371)
at org.testng.SuiteRunner.privateRun(SuiteRunner.java:332)
at org.testng.SuiteRunner.run(SuiteRunner.java:276)
at org.testng.SuiteRunnerWorker.runSuite(SuiteRunnerWorker.java:53)
at org.testng.SuiteRunnerWorker.run(SuiteRunnerWorker.java:96)
at org.testng.TestNG.runSuitesSequentially(TestNG.java:1212)
at org.testng.TestNG.runSuitesLocally(TestNG.java:1134)
at org.testng.TestNG.runSuites(TestNG.java:1063)
at org.testng.TestNG.run(TestNG.java:1031)
at org.testng.remote.AbstractRemoteTestNG.run(AbstractRemoteTestNG.java:115)
at org.testng.remote.RemoteTestNG.initAndRun(RemoteTestNG.java:293)
at org.testng.remote.RemoteTestNG.main(RemoteTestNG.java:91)
]]>
    </error>
  </testcase> <!-- st -->
  <system-out/>
  <testcase classname="com.testcases.Retrycle" name="st" time="0.823">
    <skipped/>
  </testcase> <!-- st -->
  <system-out/>
</testsuite> <!-- com.testcases.Retrycle -->
